<?xml version="1.0" encoding="UTF-8"?>
<testsuite name="ru.ola.spqa.Login" tests="1" skipped="0" failures="0" errors="0" timestamp="2020-03-28T16:42:24" hostname="DESKTOP-DJ0O998" time="2.318">
  <properties/>
  <testcase name="testLogin" classname="ru.ola.spqa.Login" time="2.318"/>
  <system-out><![CDATA[]]></system-out>
  <system-err><![CDATA[1585413739497	mozrunner::runner	INFO	Running command: "C:\\Program Files\\Mozilla Firefox\\firefox.exe" "-marionette" "-foreground" "-no-remote" "-profile" "C:\\Users\\NADEZH~1.KUK\\AppData\\Local\\Temp\\rust_mozprofileD5w9Pk"
1585413741026	addons.webextension.doh-rollout@mozilla.org	WARN	Loading extension 'doh-rollout@mozilla.org': Reading manifest: Invalid extension permission: networkStatus
1585413741653	addons.webextension.screenshots@mozilla.org	WARN	Loading extension 'screenshots@mozilla.org': Reading manifest: Invalid extension permission: mozillaAddons
1585413741654	addons.webextension.screenshots@mozilla.org	WARN	Loading extension 'screenshots@mozilla.org': Reading manifest: Invalid extension permission: telemetry
1585413741655	addons.webextension.screenshots@mozilla.org	WARN	Loading extension 'screenshots@mozilla.org': Reading manifest: Invalid extension permission: resource://pdf.js/
1585413741655	addons.webextension.screenshots@mozilla.org	WARN	Loading extension 'screenshots@mozilla.org': Reading manifest: Invalid extension permission: about:reader*
JavaScript error: resource://gre/modules/XULStore.jsm, line 66: Error: Can't find profile directory.
1585413744287	Marionette	INFO	Listening on port 53486
1585413744375	Marionette	WARN	TLS certificate errors will be ignored for this session
мар 28, 2020 7:42:24 PM org.openqa.selenium.remote.ProtocolHandshake createSession
INFO: Detected dialect: W3C
]]></system-err>
</testsuite>
